<?xml version="1.0" encoding="UTF-8"?>
<!-- Generated by org.testng.reporters.JUnitXMLReporter -->
<testsuite ignored="0" hostname="LAPTOP-JSEGR4E3" failures="0" tests="4" name="Test" time="0.11" errors="0" timestamp="2022-03-02T17:28:41 IST">
  <testcase classname="Basic_1" name="Demo" time="0.015"/>
  <testcase classname="Basic_1" name="Demo1" time="0.003"/>
  <testcase classname="Basic_2" name="Demo3" time="0.002"/>
  <testcase classname="Basic_2" name="Demo4" time="0.002"/>
</testsuite> <!-- Test -->
