<?xml version="1.0" encoding="UTF-8"?>
<!-- Generated by org.testng.reporters.JUnitXMLReporter -->
<testsuite ignored="1" hostname="LAPTOP-JSEGR4E3" failures="0" tests="3" name="Personal Loan" time="0.112" errors="0" timestamp="2022-03-04T10:04:09 IST">
  <testcase classname="Basic_1" name="Demo" time="0.025"/>
  <testcase classname="Basic_2" name="Demo4" time="0.002"/>
  <testcase classname="Basic_2" name="Demo3" time="0.002"/>
  <testcase classname="Basic_1" name="Demo1" time="0.0">
    <ignored/>
  </testcase> <!-- Demo1 -->
</testsuite> <!-- Personal Loan -->
