<?xml version="1.0" encoding="UTF-8"?>
<!-- Generated by org.testng.reporters.JUnitXMLReporter -->
<testsuite ignored="2" hostname="LAPTOP-JSEGR4E3" failures="0" tests="8" name="Regression" time="0.144" errors="0" timestamp="2022-03-03T11:40:18 IST">
  <testcase classname="Basic_1" name="Demo" time="0.01"/>
  <testcase classname="Basic_1" name="Demo1" time="0.002"/>
  <testcase classname="Basic_2" name="Demo3" time="0.004"/>
  <testcase classname="Basic_2" name="Demo4" time="0.003"/>
  <testcase classname="Basic_3" name="Demo5" time="0.004"/>
  <testcase classname="Basic_3" name="Demo6" time="0.003"/>
  <testcase classname="Basic_4" name="Demo16" time="0.002"/>
  <testcase classname="Basic_4" name="Demo7" time="0.002"/>
  <testcase classname="Basic_4" name="Demo15" time="0.0">
    <ignored/>
  </testcase> <!-- Demo15 -->
  <testcase classname="Basic_4" name="Demo8" time="0.0">
    <ignored/>
  </testcase> <!-- Demo8 -->
</testsuite> <!-- Regression -->
