<?xml version="1.0" encoding="UTF-8"?>
<testng-results ignored="1" total="2" passed="1" failed="0" skipped="0">
  <reporter-output>
  </reporter-output>
  <suite started-at="2022-03-11T09:54:34 IST" name="Default suite" finished-at="2022-03-11T09:54:35 IST" duration-ms="84">
    <groups>
    </groups>
    <test started-at="2022-03-11T09:54:34 IST" name="Default test" finished-at="2022-03-11T09:54:35 IST" duration-ms="84">
      <class name="Basic_1">
        <test-method signature="Demo()[pri:0, instance:Basic_1@54c562f7]" started-at="2022-03-11T09:54:34 IST" name="Demo" finished-at="2022-03-11T09:54:35 IST" duration-ms="19" status="PASS">
          <reporter-output>
          </reporter-output>
        </test-method> <!-- Demo -->
      </class> <!-- Basic_1 -->
    </test> <!-- Default test -->
  </suite> <!-- Default suite -->
</testng-results>
